app/build/intermediates/manifest_merge_blame_file/debug/manifest-merger-blame-debug-report.txt
1<?xml version="1.0" encoding="utf-8"?>
2<manifest xmlns:android="http://schemas.android.com/apk/res/android"
3    package="com.ghostbattery"
4    android:versionCode="1"
5    android:versionName="1.0" >
6
7    <uses-sdk
8        android:minSdkVersion="29"
9        android:targetSdkVersion="34" />
10
11    <uses-permission android:name="android.permission.ACCESS_FINE_LOCATION" />
11-->src/main/AndroidManifest.xml:5:5-79
11-->src/main/AndroidManifest.xml:5:22-76
12    <uses-permission android:name="android.permission.ACCESS_COARSE_LOCATION" />
12-->src/main/AndroidManifest.xml:6:5-81
12-->src/main/AndroidManifest.xml:6:22-78
13    <uses-permission android:name="android.permission.QUERY_ALL_PACKAGES" />
13-->src/main/AndroidManifest.xml:7:5-77
13-->src/main/AndroidManifest.xml:7:22-74
14    <uses-permission android:name="android.permission.READ_MEDIA_IMAGES" />
14-->src/main/AndroidManifest.xml:8:5-76
14-->src/main/AndroidManifest.xml:8:22-73
15    <uses-permission android:name="android.permission.READ_MEDIA_VIDEO" />
15-->src/main/AndroidManifest.xml:9:5-75
15-->src/main/AndroidManifest.xml:9:22-72
16    <uses-permission android:name="android.permission.MANAGE_EXTERNAL_STORAGE" />
16-->src/main/AndroidManifest.xml:10:5-82
16-->src/main/AndroidManifest.xml:10:22-79
17    <uses-permission android:name="android.permission.VIBRATE" />
17-->src/main/AndroidManifest.xml:11:5-66
17-->src/main/AndroidManifest.xml:11:22-63
18    <uses-permission android:name="android.permission.REQUEST_DELETE_PACKAGES" />
18-->src/main/AndroidManifest.xml:12:5-82
18-->src/main/AndroidManifest.xml:12:22-79
19
20    <permission
20-->[androidx.core:core:1.12.0] AndroidManifest.xml:22:5-24:47
21        android:name="com.ghostbattery.DYNAMIC_RECEIVER_NOT_EXPORTED_PERMISSION"
21-->[androidx.core:core:1.12.0] AndroidManifest.xml:23:9-81
22        android:protectionLevel="signature" />
22-->[androidx.core:core:1.12.0] AndroidManifest.xml:24:9-44
23
24    <uses-permission android:name="com.ghostbattery.DYNAMIC_RECEIVER_NOT_EXPORTED_PERMISSION" />
24-->[androidx.core:core:1.12.0] AndroidManifest.xml:26:5-97
24-->[androidx.core:core:1.12.0] AndroidManifest.xml:26:22-94
25
26    <application
26-->src/main/AndroidManifest.xml:14:5-77:19
27        android:name="com.ghostbattery.App"
27-->src/main/AndroidManifest.xml:15:9-28
28        android:allowBackup="false"
28-->src/main/AndroidManifest.xml:16:9-36
29        android:appComponentFactory="androidx.core.app.CoreComponentFactory"
29-->[androidx.core:core:1.12.0] AndroidManifest.xml:28:18-86
30        android:debuggable="true"
31        android:extractNativeLibs="false"
32        android:icon="@drawable/ic_launcher"
32-->src/main/AndroidManifest.xml:17:9-45
33        android:label="@string/app_name"
33-->src/main/AndroidManifest.xml:18:9-41
34        android:roundIcon="@drawable/ic_launcher"
34-->src/main/AndroidManifest.xml:19:9-50
35        android:supportsRtl="true"
35-->src/main/AndroidManifest.xml:20:9-35
36        android:theme="@style/Theme.GhostBattery" >
36-->src/main/AndroidManifest.xml:21:9-50
37
38        <!-- DECOY LAUNCHER -->
39        <activity
39-->src/main/AndroidManifest.xml:24:9-32:20
40            android:name="com.ghostbattery.ui.decoy.BatteryActivity"
40-->src/main/AndroidManifest.xml:25:13-53
41            android:exported="true"
41-->src/main/AndroidManifest.xml:26:13-36
42            android:theme="@style/Theme.GhostBattery.NoActionBar" >
42-->src/main/AndroidManifest.xml:27:13-66
43            <intent-filter>
43-->src/main/AndroidManifest.xml:28:13-31:29
44                <action android:name="android.intent.action.MAIN" />
44-->src/main/AndroidManifest.xml:29:17-69
44-->src/main/AndroidManifest.xml:29:25-66
45
46                <category android:name="android.intent.category.LAUNCHER" />
46-->src/main/AndroidManifest.xml:30:17-77
46-->src/main/AndroidManifest.xml:30:27-74
47            </intent-filter>
48        </activity>
49
50        <!-- SECURE ACTIVITIES -->
51        <activity
51-->src/main/AndroidManifest.xml:35:9-38:69
52            android:name="com.ghostbattery.ui.PanicDashboardActivity"
52-->src/main/AndroidManifest.xml:36:13-54
53            android:exported="false"
53-->src/main/AndroidManifest.xml:37:13-37
54            android:theme="@style/Theme.GhostBattery.NoActionBar" />
54-->src/main/AndroidManifest.xml:38:13-66
55        <activity
55-->src/main/AndroidManifest.xml:40:9-42:68
56            android:name="com.ghostbattery.ui.onboarding.OnboardingActivity"
56-->src/main/AndroidManifest.xml:40:19-67
57            android:exported="false"
57-->src/main/AndroidManifest.xml:41:13-37
58            android:theme="@style/Theme.GhostBattery.NoActionBar" />
58-->src/main/AndroidManifest.xml:42:13-66
59        <activity
59-->src/main/AndroidManifest.xml:44:9-46:68
60            android:name="com.ghostbattery.ui.secure.SettingsActivity"
60-->src/main/AndroidManifest.xml:44:19-61
61            android:exported="false"
61-->src/main/AndroidManifest.xml:45:13-37
62            android:theme="@style/Theme.GhostBattery.NoActionBar" />
62-->src/main/AndroidManifest.xml:46:13-66
63        <activity
63-->src/main/AndroidManifest.xml:48:9-50:74
64            android:name="com.ghostbattery.ui.secure.DiagnosticsActivity"
64-->src/main/AndroidManifest.xml:48:19-64
65            android:exported="false"
65-->src/main/AndroidManifest.xml:49:19-43
66            android:theme="@style/Theme.GhostBattery.NoActionBar" />
66-->src/main/AndroidManifest.xml:50:19-72
67        <activity
67-->src/main/AndroidManifest.xml:51:9-53:74
68            android:name="com.ghostbattery.ui.secure.DrillModeActivity"
68-->src/main/AndroidManifest.xml:51:19-62
69            android:exported="false"
69-->src/main/AndroidManifest.xml:52:19-43
70            android:theme="@style/Theme.GhostBattery.NoActionBar" />
70-->src/main/AndroidManifest.xml:53:19-72
71        <activity
71-->src/main/AndroidManifest.xml:54:9-56:74
72            android:name="com.ghostbattery.ui.secure.AppPickerActivity"
72-->src/main/AndroidManifest.xml:54:19-62
73            android:exported="false"
73-->src/main/AndroidManifest.xml:55:19-43
74            android:theme="@style/Theme.GhostBattery.NoActionBar" />
74-->src/main/AndroidManifest.xml:56:19-72
75        <activity
75-->src/main/AndroidManifest.xml:57:9-59:74
76            android:name="com.ghostbattery.ui.secure.FolderPickerActivity"
76-->src/main/AndroidManifest.xml:57:19-65
77            android:exported="false"
77-->src/main/AndroidManifest.xml:58:19-43
78            android:theme="@style/Theme.GhostBattery.NoActionBar" />
78-->src/main/AndroidManifest.xml:59:19-72
79        <activity
79-->src/main/AndroidManifest.xml:60:9-62:74
80            android:name="com.ghostbattery.ui.help.HelpActivity"
80-->src/main/AndroidManifest.xml:60:19-55
81            android:exported="false"
81-->src/main/AndroidManifest.xml:61:19-43
82            android:theme="@style/Theme.GhostBattery.NoActionBar" />
82-->src/main/AndroidManifest.xml:62:19-72
83
84        <!-- ACCESSIBILITY SERVICE -->
85        <service
85-->src/main/AndroidManifest.xml:65:9-75:19
86            android:name="com.ghostbattery.service.GhostAccessibilityService"
86-->src/main/AndroidManifest.xml:66:13-62
87            android:exported="false"
87-->src/main/AndroidManifest.xml:68:13-37
88            android:permission="android.permission.BIND_ACCESSIBILITY_SERVICE" >
88-->src/main/AndroidManifest.xml:67:13-79
89            <intent-filter>
89-->src/main/AndroidManifest.xml:69:13-71:29
90                <action android:name="android.accessibilityservice.AccessibilityService" />
90-->src/main/AndroidManifest.xml:70:17-92
90-->src/main/AndroidManifest.xml:70:25-89
91            </intent-filter>
92
93            <meta-data
93-->src/main/AndroidManifest.xml:72:13-74:64
94                android:name="android.accessibilityservice"
94-->src/main/AndroidManifest.xml:73:17-60
95                android:resource="@xml/accessibility_config" />
95-->src/main/AndroidManifest.xml:74:17-61
96        </service>
97
98        <activity
98-->[com.google.android.gms:play-services-base:18.1.0] AndroidManifest.xml:20:9-22:45
99            android:name="com.google.android.gms.common.api.GoogleApiActivity"
99-->[com.google.android.gms:play-services-base:18.1.0] AndroidManifest.xml:20:19-85
100            android:exported="false"
100-->[com.google.android.gms:play-services-base:18.1.0] AndroidManifest.xml:22:19-43
101            android:theme="@android:style/Theme.Translucent.NoTitleBar" />
101-->[com.google.android.gms:play-services-base:18.1.0] AndroidManifest.xml:21:19-78
102
103        <meta-data
103-->[com.google.android.gms:play-services-basement:18.1.0] AndroidManifest.xml:21:9-23:69
104            android:name="com.google.android.gms.version"
104-->[com.google.android.gms:play-services-basement:18.1.0] AndroidManifest.xml:22:13-58
105            android:value="@integer/google_play_services_version" />
105-->[com.google.android.gms:play-services-basement:18.1.0] AndroidManifest.xml:23:13-66
106
107        <provider
107-->[androidx.emoji2:emoji2:1.2.0] AndroidManifest.xml:24:9-32:20
108            android:name="androidx.startup.InitializationProvider"
108-->[androidx.emoji2:emoji2:1.2.0] AndroidManifest.xml:25:13-67
109            android:authorities="com.ghostbattery.androidx-startup"
109-->[androidx.emoji2:emoji2:1.2.0] AndroidManifest.xml:26:13-68
110            android:exported="false" >
110-->[androidx.emoji2:emoji2:1.2.0] AndroidManifest.xml:27:13-37
111            <meta-data
111-->[androidx.emoji2:emoji2:1.2.0] AndroidManifest.xml:29:13-31:52
112                android:name="androidx.emoji2.text.EmojiCompatInitializer"
112-->[androidx.emoji2:emoji2:1.2.0] AndroidManifest.xml:30:17-75
113                android:value="androidx.startup" />
113-->[androidx.emoji2:emoji2:1.2.0] AndroidManifest.xml:31:17-49
114            <meta-data
114-->[androidx.lifecycle:lifecycle-process:2.6.2] AndroidManifest.xml:29:13-31:52
115                android:name="androidx.lifecycle.ProcessLifecycleInitializer"
115-->[androidx.lifecycle:lifecycle-process:2.6.2] AndroidManifest.xml:30:17-78
116                android:value="androidx.startup" />
116-->[androidx.lifecycle:lifecycle-process:2.6.2] AndroidManifest.xml:31:17-49
117            <meta-data
117-->[androidx.profileinstaller:profileinstaller:1.3.0] AndroidManifest.xml:29:13-31:52
118                android:name="androidx.profileinstaller.ProfileInstallerInitializer"
118-->[androidx.profileinstaller:profileinstaller:1.3.0] AndroidManifest.xml:30:17-85
119                android:value="androidx.startup" />
119-->[androidx.profileinstaller:profileinstaller:1.3.0] AndroidManifest.xml:31:17-49
120        </provider>
121
122        <receiver
122-->[androidx.profileinstaller:profileinstaller:1.3.0] AndroidManifest.xml:34:9-52:20
123            android:name="androidx.profileinstaller.ProfileInstallReceiver"
123-->[androidx.profileinstaller:profileinstaller:1.3.0] AndroidManifest.xml:35:13-76
124            android:directBootAware="false"
124-->[androidx.profileinstaller:profileinstaller:1.3.0] AndroidManifest.xml:36:13-44
125            android:enabled="true"
125-->[androidx.profileinstaller:profileinstaller:1.3.0] AndroidManifest.xml:37:13-35
126            android:exported="true"
126-->[androidx.profileinstaller:profileinstaller:1.3.0] AndroidManifest.xml:38:13-36
127            android:permission="android.permission.DUMP" >
127-->[androidx.profileinstaller:profileinstaller:1.3.0] AndroidManifest.xml:39:13-57
128            <intent-filter>
128-->[androidx.profileinstaller:profileinstaller:1.3.0] AndroidManifest.xml:40:13-42:29
129                <action android:name="androidx.profileinstaller.action.INSTALL_PROFILE" />
129-->[androidx.profileinstaller:profileinstaller:1.3.0] AndroidManifest.xml:41:17-91
129-->[androidx.profileinstaller:profileinstaller:1.3.0] AndroidManifest.xml:41:25-88
130            </intent-filter>
131            <intent-filter>
131-->[androidx.profileinstaller:profileinstaller:1.3.0] AndroidManifest.xml:43:13-45:29
132                <action android:name="androidx.profileinstaller.action.SKIP_FILE" />
132-->[androidx.profileinstaller:profileinstaller:1.3.0] AndroidManifest.xml:44:17-85
132-->[androidx.profileinstaller:profileinstaller:1.3.0] AndroidManifest.xml:44:25-82
133            </intent-filter>
134            <intent-filter>
134-->[androidx.profileinstaller:profileinstaller:1.3.0] AndroidManifest.xml:46:13-48:29
135                <action android:name="androidx.profileinstaller.action.SAVE_PROFILE" />
135-->[androidx.profileinstaller:profileinstaller:1.3.0] AndroidManifest.xml:47:17-88
135-->[androidx.profileinstaller:profileinstaller:1.3.0] AndroidManifest.xml:47:25-85
136            </intent-filter>
137            <intent-filter>
137-->[androidx.profileinstaller:profileinstaller:1.3.0] AndroidManifest.xml:49:13-51:29
138                <action android:name="androidx.profileinstaller.action.BENCHMARK_OPERATION" />
138-->[androidx.profileinstaller:profileinstaller:1.3.0] AndroidManifest.xml:50:17-95
138-->[androidx.profileinstaller:profileinstaller:1.3.0] AndroidManifest.xml:50:25-92
139            </intent-filter>
140        </receiver>
141    </application>
142
143</manifest>